{
  "RSpec": {
    "coverage": {
      "/Users/andrew/rails/esther_raday/app/helpers/application_helper.rb": [
        1,
        1,
        9,
        9,
        9,
        9,
        null,
        9,
        null,
        null,
        1,
        66,
        null,
        null,
        1,
        29,
        10,
        null,
        19,
        null,
        null,
        null,
        1,
        23,
        0,
        null,
        23,
        null,
        null,
        null,
        1,
        19,
        0,
        null,
        19,
        null,
        null,
        null
      ],
      "/Users/andrew/rails/esther_raday/app/helpers/tags_helper.rb": [
        1,
        1,
        35,
        null,
        null
      ],
      "/Users/andrew/rails/esther_raday/app/controllers/application_controller.rb": [
        1,
        1,
        1,
        null,
        1,
        null,
        null,
        1,
        1,
        null,
        1,
        null,
        1,
        0,
        0,
        0,
        0,
        null,
        null,
        null,
        1,
        0,
        null,
        null
      ],
      "/Users/andrew/rails/esther_raday/app/controllers/pages_controller.rb": [
        1,
        1,
        null,
        1,
        2,
        1,
        null,
        null,
        null,
        1,
        null,
        null,
        1,
        null,
        null
      ],
      "/Users/andrew/rails/esther_raday/app/controllers/concerns/postable.rb": [
        1,
        1,
        null,
        1,
        2,
        null,
        null,
        1,
        9,
        null,
        null
      ],
      "/Users/andrew/rails/esther_raday/app/controllers/posts_controller.rb": [
        1,
        1,
        1,
        1,
        null,
        1,
        null,
        null,
        1,
        null,
        null,
        1,
        5,
        null,
        null,
        1,
        null,
        null,
        1,
        9,
        9,
        9,
        12,
        6,
        null,
        6,
        3,
        null,
        null,
        null,
        null,
        1,
        7,
        7,
        8,
        4,
        null,
        6,
        3,
        null,
        null,
        null,
        null,
        1,
        2,
        2,
        4,
        2,
        null,
        null,
        null,
        1,
        null,
        1,
        0,
        null,
        null,
        null,
        1,
        17,
        null,
        null,
        null,
        1,
        16,
        null,
        null,
        null
      ],
      "/Users/andrew/rails/esther_raday/app/models/attachment.rb": [
        1,
        1,
        1,
        1,
        null
      ],
      "/Users/andrew/rails/esther_raday/app/uploaders/image_uploader.rb": [
        null,
        null,
        1,
        null,
        1,
        null,
        null,
        1,
        null,
        1,
        62,
        null,
        null,
        null,
        1,
        49,
        49,
        null,
        0,
        null,
        null,
        null,
        1,
        1,
        null,
        null,
        1,
        1,
        null,
        null,
        1,
        1,
        1,
        null,
        null,
        1,
        28,
        null,
        null,
        1,
        null,
        28,
        0,
        null,
        null,
        null,
        1,
        9,
        null,
        null,
        1,
        null,
        1,
        35,
        null,
        null
      ],
      "/Users/andrew/rails/esther_raday/app/models/post.rb": [
        1,
        1,
        1,
        1,
        null,
        1,
        null,
        1,
        1,
        null,
        1,
        null,
        1,
        62,
        null,
        null,
        1,
        35,
        null,
        null,
        1,
        2,
        null,
        null,
        1,
        9,
        null,
        null,
        1,
        59,
        58,
        null,
        null,
        null
      ],
      "/Users/andrew/rails/esther_raday/app/models/tag.rb": [
        1,
        1,
        1,
        null
      ],
      "/Users/andrew/rails/esther_raday/app/models/tagging.rb": [
        1,
        1,
        1,
        null
      ]
    },
    "timestamp": 1387229458
  }
}
